<?xml version="1.0" encoding="UTF-8"?>
<testsuites name="jest tests" tests="1" failures="0" errors="0" time="2.656">
  <testsuite name="undefined" errors="0" failures="0" skipped="0" timestamp="2024-09-27T07:45:50" time="2.373" tests="1">
    <testcase classname=" Test template: expo-with-gluestack-style" name=" Test template: expo-with-gluestack-style" time="0.717">
    </testcase>
  </testsuite>
</testsuites>